Using pre-set license
Built from '2020.3/release' branch; Version is '2020.3.2f1 (8fd9074bf66c) revision 9427207'; Using compiler version '192528614'; Build Type 'Release'
OS: 'Windows 10 Home; OS build 19042.928; Version 2009; 64bit' Language: 'en' Physical Memory: 16191 MB
BatchMode: 1, IsHumanControllingUs: 0, StartBugReporterOnCrash: 0, Is64bit: 1, IsPro: 0

 COMMAND LINE ARGUMENTS:
C:\Program Files\Unity\Hub\Editor\2020.3.2f1\Editor\Unity.exe
-adb2
-batchMode
-noUpm
-name
AssetImportWorker0
-projectPath
C:/Users/andre/Laboratorio 4
-logFile
Logs/AssetImportWorker0.log
-srvPort
50133
Successfully changed project path to: C:/Users/andre/Laboratorio 4
C:/Users/andre/Laboratorio 4
Using Asset Import Pipeline V2.
Refreshing native plugins compatible for Editor in 46.24 ms, found 0 plugins.
Preloading 0 native plugins for Editor in 0.00 ms.
Initialize engine version: 2020.3.2f1 (8fd9074bf66c)
[Subsystems] Discovering subsystems at path C:/Program Files/Unity/Hub/Editor/2020.3.2f1/Editor/Data/Resources/UnitySubsystems
[Subsystems] Discovering subsystems at path C:/Users/andre/Laboratorio 4/Assets
GfxDevice: creating device client; threaded=0
Direct3D:
    Version:  Direct3D 11.0 [level 11.1]
    Renderer: NVIDIA GeForce GTX 1660 Ti with Max-Q Design (ID=0x2191)
    Vendor:   
    VRAM:     5991 MB
    Driver:   27.21.14.5763
Initialize mono
Mono path[0] = 'C:/Program Files/Unity/Hub/Editor/2020.3.2f1/Editor/Data/Managed'
Mono path[1] = 'C:/Program Files/Unity/Hub/Editor/2020.3.2f1/Editor/Data/MonoBleedingEdge/lib/mono/unityjit'
Mono config path = 'C:/Program Files/Unity/Hub/Editor/2020.3.2f1/Editor/Data/MonoBleedingEdge/etc'
Using monoOptions --debugger-agent=transport=dt_socket,embedding=1,server=y,suspend=n,address=127.0.0.1:56000
Begin MonoManager ReloadAssembly
Registering precompiled unity dll's ...
Register platform support module: C:/Program Files/Unity/Hub/Editor/2020.3.2f1/Editor/Data/PlaybackEngines/WindowsStandaloneSupport/UnityEditor.WindowsStandalone.Extensions.dll
Registered in 0.002753 seconds.
Native extension for WindowsStandalone target not found
Refreshing native plugins compatible for Editor in 40.47 ms, found 0 plugins.
Preloading 0 native plugins for Editor in 0.00 ms.
Invoked RoslynAnalysisRunner static constructor.
RoslynAnalysisRunner will not be running.
RoslynAnalysisRunner has terminated.
Mono: successfully reloaded assembly
- Completed reload, in  1.469 seconds
Platform modules already initialized, skipping
Registering precompiled user dll's ...
Registered in 0.001066 seconds.
Begin MonoManager ReloadAssembly
Native extension for WindowsStandalone target not found
Refreshing native plugins compatible for Editor in 0.50 ms, found 0 plugins.
Preloading 0 native plugins for Editor in 0.00 ms.
Invoked RoslynAnalysisRunner static constructor.
RoslynAnalysisRunner will not be running.
RoslynAnalysisRunner has terminated.
Mono: successfully reloaded assembly
- Completed reload, in  1.031 seconds
Platform modules already initialized, skipping
========================================================================
Worker process is ready to serve import requests
Launched and connected shader compiler UnityShaderCompiler.exe after 0.07 seconds
Refreshing native plugins compatible for Editor in 0.57 ms, found 0 plugins.
Preloading 0 native plugins for Editor in 0.00 ms.
Unloading 1254 Unused Serialized files (Serialized files now loaded: 0)
System memory in use before: 84.5 MB.
System memory in use after: 84.2 MB.

Unloading 12 unused Assets to reduce memory usage. Loaded Objects now: 1724.
Total: 3.693600 ms (FindLiveObjects: 0.314100 ms CreateObjectMapping: 0.090200 ms MarkObjects: 2.587300 ms  DeleteObjects: 0.700300 ms)

========================================================================
Received Import Request.
  path: Assets/Scenes/SampleScene.unity
  artifactKey: Guid(9fc0d4010bbf28b4594072e72b8655ab) Importer(815301076,1909f56bfc062723c751e8b465ee728b)
Start importing Assets/Scenes/SampleScene.unity using Guid(9fc0d4010bbf28b4594072e72b8655ab) Importer(815301076,1909f56bfc062723c751e8b465ee728b)  -> (artifact id: '54babe22c33605463fb271e05db49f8b') in 0.020205 seconds
  Import took 0.023138 seconds .

========================================================================
Received Prepare
Registering precompiled user dll's ...
Registered in 0.000958 seconds.
Begin MonoManager ReloadAssembly
Native extension for WindowsStandalone target not found
Refreshing native plugins compatible for Editor in 0.39 ms, found 0 plugins.
Preloading 0 native plugins for Editor in 0.00 ms.
Invoked RoslynAnalysisRunner static constructor.
RoslynAnalysisRunner will not be running.
RoslynAnalysisRunner has terminated.
Mono: successfully reloaded assembly
- Completed reload, in  0.937 seconds
Platform modules already initialized, skipping
Refreshing native plugins compatible for Editor in 0.46 ms, found 0 plugins.
Preloading 0 native plugins for Editor in 0.00 ms.
Unloading 1224 Unused Serialized files (Serialized files now loaded: 0)
System memory in use before: 81.9 MB.
System memory in use after: 81.6 MB.

Unloading 7 unused Assets to reduce memory usage. Loaded Objects now: 1727.
Total: 3.065000 ms (FindLiveObjects: 0.264500 ms CreateObjectMapping: 0.045400 ms MarkObjects: 1.961800 ms  DeleteObjects: 0.791300 ms)

========================================================================
Received Prepare
Registering precompiled user dll's ...
Registered in 0.001183 seconds.
Begin MonoManager ReloadAssembly
Native extension for WindowsStandalone target not found
Refreshing native plugins compatible for Editor in 0.75 ms, found 0 plugins.
Preloading 0 native plugins for Editor in 0.00 ms.
Invoked RoslynAnalysisRunner static constructor.
RoslynAnalysisRunner will not be running.
RoslynAnalysisRunner has terminated.
Mono: successfully reloaded assembly
- Completed reload, in  1.352 seconds
Platform modules already initialized, skipping
Refreshing native plugins compatible for Editor in 0.47 ms, found 0 plugins.
Preloading 0 native plugins for Editor in 0.00 ms.
Unloading 1224 Unused Serialized files (Serialized files now loaded: 0)
System memory in use before: 82.1 MB.
System memory in use after: 81.8 MB.

Unloading 7 unused Assets to reduce memory usage. Loaded Objects now: 1730.
Total: 3.714300 ms (FindLiveObjects: 0.257000 ms CreateObjectMapping: 0.052500 ms MarkObjects: 2.858000 ms  DeleteObjects: 0.545000 ms)

========================================================================
Received Prepare
Registering precompiled user dll's ...
Registered in 0.001275 seconds.
Begin MonoManager ReloadAssembly
Native extension for WindowsStandalone target not found
Refreshing native plugins compatible for Editor in 0.43 ms, found 0 plugins.
Preloading 0 native plugins for Editor in 0.00 ms.
Invoked RoslynAnalysisRunner static constructor.
RoslynAnalysisRunner will not be running.
RoslynAnalysisRunner has terminated.
Mono: successfully reloaded assembly
- Completed reload, in  1.094 seconds
Platform modules already initialized, skipping
Refreshing native plugins compatible for Editor in 0.46 ms, found 0 plugins.
Preloading 0 native plugins for Editor in 0.00 ms.
Unloading 1224 Unused Serialized files (Serialized files now loaded: 0)
System memory in use before: 82.1 MB.
System memory in use after: 81.8 MB.

Unloading 7 unused Assets to reduce memory usage. Loaded Objects now: 1733.
Total: 3.460400 ms (FindLiveObjects: 0.207400 ms CreateObjectMapping: 0.038400 ms MarkObjects: 2.595200 ms  DeleteObjects: 0.616700 ms)

========================================================================
Received Import Request.
  Time since last request: 417.828044 seconds.
  path: Assets/Scripts/TargetScript.cs
  artifactKey: Guid(d45fd30d48969c64a8c88b82baf6bdee) Importer(815301076,1909f56bfc062723c751e8b465ee728b)
Start importing Assets/Scripts/TargetScript.cs using Guid(d45fd30d48969c64a8c88b82baf6bdee) Importer(815301076,1909f56bfc062723c751e8b465ee728b)  -> (artifact id: '4357c9905a24f7fad450b98595539f0c') in 0.053800 seconds
  Import took 0.056713 seconds .

========================================================================
Received Prepare
Registering precompiled user dll's ...
Registered in 0.001203 seconds.
Begin MonoManager ReloadAssembly
Native extension for WindowsStandalone target not found
Refreshing native plugins compatible for Editor in 0.40 ms, found 0 plugins.
Preloading 0 native plugins for Editor in 0.00 ms.
Invoked RoslynAnalysisRunner static constructor.
RoslynAnalysisRunner will not be running.
RoslynAnalysisRunner has terminated.
Mono: successfully reloaded assembly
- Completed reload, in  1.002 seconds
Platform modules already initialized, skipping
Refreshing native plugins compatible for Editor in 0.40 ms, found 0 plugins.
Preloading 0 native plugins for Editor in 0.00 ms.
Unloading 1224 Unused Serialized files (Serialized files now loaded: 0)
System memory in use before: 82.2 MB.
System memory in use after: 81.8 MB.

Unloading 7 unused Assets to reduce memory usage. Loaded Objects now: 1736.
Total: 3.205700 ms (FindLiveObjects: 0.323800 ms CreateObjectMapping: 0.079100 ms MarkObjects: 2.241200 ms  DeleteObjects: 0.558900 ms)

========================================================================
Received Prepare
Registering precompiled user dll's ...
Registered in 0.001015 seconds.
Begin MonoManager ReloadAssembly
Native extension for WindowsStandalone target not found
Refreshing native plugins compatible for Editor in 0.42 ms, found 0 plugins.
Preloading 0 native plugins for Editor in 0.00 ms.
Invoked RoslynAnalysisRunner static constructor.
RoslynAnalysisRunner will not be running.
RoslynAnalysisRunner has terminated.
Mono: successfully reloaded assembly
- Completed reload, in  0.967 seconds
Platform modules already initialized, skipping
Refreshing native plugins compatible for Editor in 0.40 ms, found 0 plugins.
Preloading 0 native plugins for Editor in 0.00 ms.
Unloading 1224 Unused Serialized files (Serialized files now loaded: 0)
System memory in use before: 82.2 MB.
System memory in use after: 81.9 MB.

Unloading 7 unused Assets to reduce memory usage. Loaded Objects now: 1739.
Total: 3.324000 ms (FindLiveObjects: 0.258300 ms CreateObjectMapping: 0.047200 ms MarkObjects: 2.457400 ms  DeleteObjects: 0.558400 ms)

========================================================================
Received Prepare
Registering precompiled user dll's ...
Registered in 0.001301 seconds.
Begin MonoManager ReloadAssembly
Native extension for WindowsStandalone target not found
Refreshing native plugins compatible for Editor in 0.44 ms, found 0 plugins.
Preloading 0 native plugins for Editor in 0.00 ms.
Invoked RoslynAnalysisRunner static constructor.
RoslynAnalysisRunner will not be running.
RoslynAnalysisRunner has terminated.
Mono: successfully reloaded assembly
- Completed reload, in  0.985 seconds
Platform modules already initialized, skipping
Refreshing native plugins compatible for Editor in 0.42 ms, found 0 plugins.
Preloading 0 native plugins for Editor in 0.00 ms.
Unloading 1224 Unused Serialized files (Serialized files now loaded: 0)
System memory in use before: 82.2 MB.
System memory in use after: 81.9 MB.

Unloading 7 unused Assets to reduce memory usage. Loaded Objects now: 1742.
Total: 3.664800 ms (FindLiveObjects: 0.389200 ms CreateObjectMapping: 0.058600 ms MarkObjects: 2.622700 ms  DeleteObjects: 0.591100 ms)

========================================================================
Received Prepare
Registering precompiled user dll's ...
Registered in 0.001287 seconds.
Begin MonoManager ReloadAssembly
Native extension for WindowsStandalone target not found
Refreshing native plugins compatible for Editor in 0.41 ms, found 0 plugins.
Preloading 0 native plugins for Editor in 0.00 ms.
Invoked RoslynAnalysisRunner static constructor.
RoslynAnalysisRunner will not be running.
RoslynAnalysisRunner has terminated.
Mono: successfully reloaded assembly
- Completed reload, in  0.994 seconds
Platform modules already initialized, skipping
Refreshing native plugins compatible for Editor in 0.38 ms, found 0 plugins.
Preloading 0 native plugins for Editor in 0.00 ms.
Unloading 1229 Unused Serialized files (Serialized files now loaded: 0)
System memory in use before: 82.3 MB.
System memory in use after: 82.0 MB.

Unloading 7 unused Assets to reduce memory usage. Loaded Objects now: 1750.
Total: 2.837400 ms (FindLiveObjects: 0.224700 ms CreateObjectMapping: 0.065900 ms MarkObjects: 1.829200 ms  DeleteObjects: 0.604200 ms)

========================================================================
Received Import Request.
  Time since last request: 2389.014770 seconds.
  path: Assets/Scenes/MenuPrincipalScene.unity
  artifactKey: Guid(57ca4266b42e7124986c46276697bf20) Importer(815301076,1909f56bfc062723c751e8b465ee728b)
Start importing Assets/Scenes/MenuPrincipalScene.unity using Guid(57ca4266b42e7124986c46276697bf20) Importer(815301076,1909f56bfc062723c751e8b465ee728b)  -> (artifact id: '92d5643674e3127b63b88bc59dbe501a') in 0.022742 seconds
  Import took 0.025667 seconds .

========================================================================
Received Import Request.
  Time since last request: 72.388200 seconds.
  path: Assets/Scenes/SampleScene.unity
  artifactKey: Guid(9fc0d4010bbf28b4594072e72b8655ab) Importer(815301076,1909f56bfc062723c751e8b465ee728b)
Start importing Assets/Scenes/SampleScene.unity using Guid(9fc0d4010bbf28b4594072e72b8655ab) Importer(815301076,1909f56bfc062723c751e8b465ee728b)  -> (artifact id: 'fe484c4a763dda622d75a901fe70a06e') in 0.012439 seconds
  Import took 0.015112 seconds .

========================================================================
Received Prepare
Registering precompiled user dll's ...
Registered in 0.000981 seconds.
Begin MonoManager ReloadAssembly
Native extension for WindowsStandalone target not found
Refreshing native plugins compatible for Editor in 0.44 ms, found 0 plugins.
Preloading 0 native plugins for Editor in 0.00 ms.
Invoked RoslynAnalysisRunner static constructor.
RoslynAnalysisRunner will not be running.
RoslynAnalysisRunner has terminated.
Mono: successfully reloaded assembly
- Completed reload, in  1.038 seconds
Platform modules already initialized, skipping
Refreshing native plugins compatible for Editor in 0.41 ms, found 0 plugins.
Preloading 0 native plugins for Editor in 0.00 ms.
Unloading 1229 Unused Serialized files (Serialized files now loaded: 0)
System memory in use before: 82.3 MB.
System memory in use after: 82.0 MB.

Unloading 7 unused Assets to reduce memory usage. Loaded Objects now: 1753.
Total: 2.768500 ms (FindLiveObjects: 0.287400 ms CreateObjectMapping: 0.050400 ms MarkObjects: 1.918000 ms  DeleteObjects: 0.509900 ms)

========================================================================
Received Prepare
Registering precompiled user dll's ...
Registered in 0.001018 seconds.
Begin MonoManager ReloadAssembly
Native extension for WindowsStandalone target not found
Refreshing native plugins compatible for Editor in 0.42 ms, found 0 plugins.
Preloading 0 native plugins for Editor in 0.00 ms.
Invoked RoslynAnalysisRunner static constructor.
RoslynAnalysisRunner will not be running.
RoslynAnalysisRunner has terminated.
Mono: successfully reloaded assembly
- Completed reload, in  1.049 seconds
Platform modules already initialized, skipping
Refreshing native plugins compatible for Editor in 0.94 ms, found 0 plugins.
Preloading 0 native plugins for Editor in 0.00 ms.
Unloading 1229 Unused Serialized files (Serialized files now loaded: 0)
System memory in use before: 82.3 MB.
System memory in use after: 82.0 MB.

Unloading 7 unused Assets to reduce memory usage. Loaded Objects now: 1756.
Total: 2.914600 ms (FindLiveObjects: 0.266300 ms CreateObjectMapping: 0.057400 ms MarkObjects: 2.018900 ms  DeleteObjects: 0.570500 ms)

========================================================================
Received Import Request.
  Time since last request: 184.599901 seconds.
  path: Assets/Materiales/start PNG.png
  artifactKey: Guid(cf36794f1913be245b03690ba5d646a6) Importer(815301076,1909f56bfc062723c751e8b465ee728b)
Start importing Assets/Materiales/start PNG.png using Guid(cf36794f1913be245b03690ba5d646a6) Importer(815301076,1909f56bfc062723c751e8b465ee728b)  -> (artifact id: '63962950485cdf73b1339591ea2f0d74') in 0.152145 seconds
  Import took 0.155606 seconds .

========================================================================
Received Prepare
Registering precompiled user dll's ...
Registered in 0.001155 seconds.
Begin MonoManager ReloadAssembly
Native extension for WindowsStandalone target not found
Refreshing native plugins compatible for Editor in 0.39 ms, found 0 plugins.
Preloading 0 native plugins for Editor in 0.00 ms.
Invoked RoslynAnalysisRunner static constructor.
RoslynAnalysisRunner will not be running.
RoslynAnalysisRunner has terminated.
Mono: successfully reloaded assembly
- Completed reload, in  1.034 seconds
Platform modules already initialized, skipping
Refreshing native plugins compatible for Editor in 0.42 ms, found 0 plugins.
Preloading 0 native plugins for Editor in 0.00 ms.
Unloading 1229 Unused Serialized files (Serialized files now loaded: 0)
System memory in use before: 85.4 MB.
System memory in use after: 85.1 MB.

Unloading 7 unused Assets to reduce memory usage. Loaded Objects now: 1765.
Total: 2.793900 ms (FindLiveObjects: 0.216200 ms CreateObjectMapping: 0.038700 ms MarkObjects: 2.016800 ms  DeleteObjects: 0.520300 ms)

========================================================================
Received Import Request.
  Time since last request: 202.327670 seconds.
  path: Assets/Scripts/FisicasDeCaja.cs
  artifactKey: Guid(0936711f66f46af47ad810b6682afbac) Importer(815301076,1909f56bfc062723c751e8b465ee728b)
Start importing Assets/Scripts/FisicasDeCaja.cs using Guid(0936711f66f46af47ad810b6682afbac) Importer(815301076,1909f56bfc062723c751e8b465ee728b)  -> (artifact id: '816b0b8aa4c0b8146785e30c3cbb3442') in 0.017455 seconds
  Import took 0.021326 seconds .

========================================================================
Received Prepare
Registering precompiled user dll's ...
Registered in 0.001212 seconds.
Begin MonoManager ReloadAssembly
Native extension for WindowsStandalone target not found
Refreshing native plugins compatible for Editor in 0.44 ms, found 0 plugins.
Preloading 0 native plugins for Editor in 0.00 ms.
Invoked RoslynAnalysisRunner static constructor.
RoslynAnalysisRunner will not be running.
RoslynAnalysisRunner has terminated.
Mono: successfully reloaded assembly
- Completed reload, in  1.056 seconds
Platform modules already initialized, skipping
Refreshing native plugins compatible for Editor in 0.43 ms, found 0 plugins.
Preloading 0 native plugins for Editor in 0.00 ms.
Unloading 1229 Unused Serialized files (Serialized files now loaded: 0)
System memory in use before: 85.4 MB.
System memory in use after: 85.1 MB.

Unloading 7 unused Assets to reduce memory usage. Loaded Objects now: 1768.
Total: 4.448100 ms (FindLiveObjects: 0.262900 ms CreateObjectMapping: 0.163700 ms MarkObjects: 3.459500 ms  DeleteObjects: 0.560400 ms)

========================================================================
Received Import Request.
  Time since last request: 18.627296 seconds.
  path: Assets/Scripts/FisicasDeCaja.cs
  artifactKey: Guid(0936711f66f46af47ad810b6682afbac) Importer(815301076,1909f56bfc062723c751e8b465ee728b)
Start importing Assets/Scripts/FisicasDeCaja.cs using Guid(0936711f66f46af47ad810b6682afbac) Importer(815301076,1909f56bfc062723c751e8b465ee728b)  -> (artifact id: '341fc04d7a7df69f336a36d6e36fb5fc') in 0.010551 seconds
  Import took 0.013612 seconds .

========================================================================
Received Prepare
Registering precompiled user dll's ...
Registered in 0.001403 seconds.
Begin MonoManager ReloadAssembly
Native extension for WindowsStandalone target not found
Refreshing native plugins compatible for Editor in 0.41 ms, found 0 plugins.
Preloading 0 native plugins for Editor in 0.00 ms.
Invoked RoslynAnalysisRunner static constructor.
RoslynAnalysisRunner will not be running.
RoslynAnalysisRunner has terminated.
Mono: successfully reloaded assembly
- Completed reload, in  1.004 seconds
Platform modules already initialized, skipping
Refreshing native plugins compatible for Editor in 0.41 ms, found 0 plugins.
Preloading 0 native plugins for Editor in 0.00 ms.
Unloading 1229 Unused Serialized files (Serialized files now loaded: 0)
System memory in use before: 85.4 MB.
System memory in use after: 85.1 MB.

Unloading 7 unused Assets to reduce memory usage. Loaded Objects now: 1771.
Total: 5.570400 ms (FindLiveObjects: 0.272200 ms CreateObjectMapping: 0.144000 ms MarkObjects: 4.491400 ms  DeleteObjects: 0.657900 ms)

========================================================================
Received Prepare
Registering precompiled user dll's ...
Registered in 0.001030 seconds.
Begin MonoManager ReloadAssembly
Native extension for WindowsStandalone target not found
Refreshing native plugins compatible for Editor in 0.59 ms, found 0 plugins.
Preloading 0 native plugins for Editor in 0.00 ms.
Invoked RoslynAnalysisRunner static constructor.
RoslynAnalysisRunner will not be running.
RoslynAnalysisRunner has terminated.
Mono: successfully reloaded assembly
- Completed reload, in  1.023 seconds
Platform modules already initialized, skipping
Refreshing native plugins compatible for Editor in 0.40 ms, found 0 plugins.
Preloading 0 native plugins for Editor in 0.00 ms.
Unloading 1230 Unused Serialized files (Serialized files now loaded: 0)
System memory in use before: 85.4 MB.
System memory in use after: 85.1 MB.

Unloading 7 unused Assets to reduce memory usage. Loaded Objects now: 1775.
Total: 3.528600 ms (FindLiveObjects: 0.332700 ms CreateObjectMapping: 0.103300 ms MarkObjects: 2.420800 ms  DeleteObjects: 0.669900 ms)

========================================================================
Received Prepare
Registering precompiled user dll's ...
Registered in 0.001277 seconds.
Begin MonoManager ReloadAssembly
Native extension for WindowsStandalone target not found
Refreshing native plugins compatible for Editor in 0.45 ms, found 0 plugins.
Preloading 0 native plugins for Editor in 0.00 ms.
Invoked RoslynAnalysisRunner static constructor.
RoslynAnalysisRunner will not be running.
RoslynAnalysisRunner has terminated.
Mono: successfully reloaded assembly
- Completed reload, in  0.975 seconds
Platform modules already initialized, skipping
Refreshing native plugins compatible for Editor in 0.43 ms, found 0 plugins.
Preloading 0 native plugins for Editor in 0.00 ms.
Unloading 1230 Unused Serialized files (Serialized files now loaded: 0)
System memory in use before: 85.4 MB.
System memory in use after: 85.1 MB.

Unloading 7 unused Assets to reduce memory usage. Loaded Objects now: 1778.
Total: 3.114800 ms (FindLiveObjects: 0.239200 ms CreateObjectMapping: 0.045600 ms MarkObjects: 2.232900 ms  DeleteObjects: 0.595400 ms)

========================================================================
Received Import Request.
  Time since last request: 252.528480 seconds.
  path: Assets/Tree.prefab
  artifactKey: Guid(9a5e318f322000545be100ec5cdcdcf3) Importer(815301076,1909f56bfc062723c751e8b465ee728b)
Start importing Assets/Tree.prefab using Guid(9a5e318f322000545be100ec5cdcdcf3) Importer(815301076,1909f56bfc062723c751e8b465ee728b)  -> (artifact id: '8f1e0e0639c98f26d2f10f4e012f151e') in 0.394429 seconds
  Import took 0.398816 seconds .

========================================================================
Received Import Request.
  Time since last request: 0.004995 seconds.
  path: Assets/Tree.prefab
  artifactKey: Guid(9a5e318f322000545be100ec5cdcdcf3) Importer(815301076,1909f56bfc062723c751e8b465ee728b)
Start importing Assets/Tree.prefab using Guid(9a5e318f322000545be100ec5cdcdcf3) Importer(815301076,1909f56bfc062723c751e8b465ee728b)  -> (artifact id: '8f1e0e0639c98f26d2f10f4e012f151e') in 0.054401 seconds
  Import took 0.058103 seconds .

========================================================================
Received Prepare
Registering precompiled user dll's ...
Registered in 0.001036 seconds.
Begin MonoManager ReloadAssembly
Native extension for WindowsStandalone target not found
Refreshing native plugins compatible for Editor in 0.68 ms, found 0 plugins.
Preloading 0 native plugins for Editor in 0.00 ms.
Invoked RoslynAnalysisRunner static constructor.
RoslynAnalysisRunner will not be running.
RoslynAnalysisRunner has terminated.
Mono: successfully reloaded assembly
- Completed reload, in  1.037 seconds
Platform modules already initialized, skipping
Refreshing native plugins compatible for Editor in 0.51 ms, found 0 plugins.
Preloading 0 native plugins for Editor in 0.00 ms.
Unloading 1230 Unused Serialized files (Serialized files now loaded: 0)
System memory in use before: 86.3 MB.
System memory in use after: 86.0 MB.

Unloading 7 unused Assets to reduce memory usage. Loaded Objects now: 1826.
Total: 3.038800 ms (FindLiveObjects: 0.313700 ms CreateObjectMapping: 0.079100 ms MarkObjects: 2.123300 ms  DeleteObjects: 0.520600 ms)

========================================================================
Received Import Request.
  Time since last request: 8.589642 seconds.
  path: Assets/Tree_Textures/diffuse.png
  artifactKey: Guid(78d7298f6adf50e4e92dc9fd0c7bebf9) Importer(815301076,1909f56bfc062723c751e8b465ee728b)
Start importing Assets/Tree_Textures/diffuse.png using Guid(78d7298f6adf50e4e92dc9fd0c7bebf9) Importer(815301076,1909f56bfc062723c751e8b465ee728b)  -> (artifact id: '3c7d156a80b14acadf28eb9e28af32b8') in 0.056063 seconds
  Import took 0.059003 seconds .

========================================================================
Received Import Request.
  Time since last request: 0.000250 seconds.
  path: Assets/Tree_Textures/shadow.png
  artifactKey: Guid(1be69b1765b5cb7409958cf00130b164) Importer(815301076,1909f56bfc062723c751e8b465ee728b)
Start importing Assets/Tree_Textures/shadow.png using Guid(1be69b1765b5cb7409958cf00130b164) Importer(815301076,1909f56bfc062723c751e8b465ee728b)  -> (artifact id: '80849c0cbfe6a77dbb542f43d6ba2344') in 0.017616 seconds
  Import took 0.021705 seconds .

========================================================================
Received Import Request.
  Time since last request: 0.000548 seconds.
  path: Assets/Tree_Textures/normal_specular.png
  artifactKey: Guid(edd450c18bb802148bfdc31ad8697537) Importer(815301076,1909f56bfc062723c751e8b465ee728b)
Start importing Assets/Tree_Textures/normal_specular.png using Guid(edd450c18bb802148bfdc31ad8697537) Importer(815301076,1909f56bfc062723c751e8b465ee728b)  -> (artifact id: 'acd5f1c59712c7a3103622a207b7fb7e') in 0.027023 seconds
  Import took 0.030447 seconds .

========================================================================
Received Import Request.
  Time since last request: 0.000371 seconds.
  path: Assets/Tree_Textures/translucency_gloss.png
  artifactKey: Guid(96e6edb456f44b342a42e45c449c4fde) Importer(815301076,1909f56bfc062723c751e8b465ee728b)
Start importing Assets/Tree_Textures/translucency_gloss.png using Guid(96e6edb456f44b342a42e45c449c4fde) Importer(815301076,1909f56bfc062723c751e8b465ee728b)  -> (artifact id: 'e898fba0e006efa9b28bdb6f62eb980a') in 0.019115 seconds
  Import took 0.022672 seconds .

========================================================================
Received Import Request.
  Time since last request: 0.000251 seconds.
  path: Assets/Tree_Textures
  artifactKey: Guid(e8dff1d21afa97b42a138018c10fb54b) Importer(815301076,1909f56bfc062723c751e8b465ee728b)
Start importing Assets/Tree_Textures using Guid(e8dff1d21afa97b42a138018c10fb54b) Importer(815301076,1909f56bfc062723c751e8b465ee728b)  -> (artifact id: '567b73f7ebf9d783495eb9972926edb4') in 0.011509 seconds
  Import took 0.014651 seconds .

========================================================================
Received Import Request.
  Time since last request: 0.002486 seconds.
  path: Assets/Tree_Textures
  artifactKey: Guid(e8dff1d21afa97b42a138018c10fb54b) Importer(815301076,1909f56bfc062723c751e8b465ee728b)
Start importing Assets/Tree_Textures using Guid(e8dff1d21afa97b42a138018c10fb54b) Importer(815301076,1909f56bfc062723c751e8b465ee728b)  -> (artifact id: '567b73f7ebf9d783495eb9972926edb4') in 0.005948 seconds
  Import took 0.009516 seconds .

========================================================================
Received Import Request.
  Time since last request: 11.059476 seconds.
  path: Assets/Scripts/ComportamientoCilindro.cs
  artifactKey: Guid(9be14e65e25f537429b864adc1eb4d72) Importer(815301076,1909f56bfc062723c751e8b465ee728b)
Start importing Assets/Scripts/ComportamientoCilindro.cs using Guid(9be14e65e25f537429b864adc1eb4d72) Importer(815301076,1909f56bfc062723c751e8b465ee728b)  -> (artifact id: 'a31a50bfa2e6f0198229880a08a1485a') in 0.018154 seconds
  Import took 0.021295 seconds .

========================================================================
Received Import Request.
  Time since last request: 0.002541 seconds.
  path: Assets/Scripts/ComportamientoCilindro.cs
  artifactKey: Guid(9be14e65e25f537429b864adc1eb4d72) Importer(815301076,1909f56bfc062723c751e8b465ee728b)
Start importing Assets/Scripts/ComportamientoCilindro.cs using Guid(9be14e65e25f537429b864adc1eb4d72) Importer(815301076,1909f56bfc062723c751e8b465ee728b)  -> (artifact id: 'a31a50bfa2e6f0198229880a08a1485a') in 0.005443 seconds
  Import took 0.009252 seconds .

========================================================================
Received Prepare
Registering precompiled user dll's ...
Registered in 0.001196 seconds.
Begin MonoManager ReloadAssembly
Native extension for WindowsStandalone target not found
Refreshing native plugins compatible for Editor in 0.42 ms, found 0 plugins.
Preloading 0 native plugins for Editor in 0.00 ms.
Invoked RoslynAnalysisRunner static constructor.
RoslynAnalysisRunner will not be running.
RoslynAnalysisRunner has terminated.
Mono: successfully reloaded assembly
- Completed reload, in  1.013 seconds
Platform modules already initialized, skipping
Refreshing native plugins compatible for Editor in 0.39 ms, found 0 plugins.
Preloading 0 native plugins for Editor in 0.00 ms.
Unloading 1230 Unused Serialized files (Serialized files now loaded: 0)
System memory in use before: 86.3 MB.
System memory in use after: 86.0 MB.

Unloading 7 unused Assets to reduce memory usage. Loaded Objects now: 1831.
Total: 5.865400 ms (FindLiveObjects: 0.709900 ms CreateObjectMapping: 0.107100 ms MarkObjects: 4.459000 ms  DeleteObjects: 0.584400 ms)

========================================================================
Received Import Request.
  Time since last request: 83.403383 seconds.
  path: Assets/Scripts/ComportamientoCilindro.cs
  artifactKey: Guid(9be14e65e25f537429b864adc1eb4d72) Importer(815301076,1909f56bfc062723c751e8b465ee728b)
Start importing Assets/Scripts/ComportamientoCilindro.cs using Guid(9be14e65e25f537429b864adc1eb4d72) Importer(815301076,1909f56bfc062723c751e8b465ee728b)  -> (artifact id: '1fd59d82d662e9a237d31433682ede32') in 0.008603 seconds
  Import took 0.011450 seconds .

========================================================================
Received Import Request.
  Time since last request: 1.590355 seconds.
  path: Assets/Scripts/ComportamientoCilindro.cs
  artifactKey: Guid(9be14e65e25f537429b864adc1eb4d72) Importer(815301076,1909f56bfc062723c751e8b465ee728b)
Start importing Assets/Scripts/ComportamientoCilindro.cs using Guid(9be14e65e25f537429b864adc1eb4d72) Importer(815301076,1909f56bfc062723c751e8b465ee728b)  -> (artifact id: '1fd59d82d662e9a237d31433682ede32') in 0.004069 seconds
  Import took 0.007229 seconds .

========================================================================
Received Import Request.
  Time since last request: 41.146786 seconds.
  path: Assets/Scripts/MovSeno.cs
  artifactKey: Guid(4409988662719484082e8696ef0afa26) Importer(815301076,1909f56bfc062723c751e8b465ee728b)
Start importing Assets/Scripts/MovSeno.cs using Guid(4409988662719484082e8696ef0afa26) Importer(815301076,1909f56bfc062723c751e8b465ee728b)  -> (artifact id: 'acfdd7cb2f52f5c23ee1ac5de9cdd2cf') in 0.010155 seconds
  Import took 0.013485 seconds .

========================================================================
Received Import Request.
  Time since last request: 0.002129 seconds.
  path: Assets/Scripts/MovSeno.cs
  artifactKey: Guid(4409988662719484082e8696ef0afa26) Importer(815301076,1909f56bfc062723c751e8b465ee728b)
Start importing Assets/Scripts/MovSeno.cs using Guid(4409988662719484082e8696ef0afa26) Importer(815301076,1909f56bfc062723c751e8b465ee728b)  -> (artifact id: 'acfdd7cb2f52f5c23ee1ac5de9cdd2cf') in 0.005474 seconds
  Import took 0.008454 seconds .

========================================================================
Received Prepare
Registering precompiled user dll's ...
Registered in 0.001440 seconds.
Begin MonoManager ReloadAssembly
Native extension for WindowsStandalone target not found
Refreshing native plugins compatible for Editor in 0.40 ms, found 0 plugins.
Preloading 0 native plugins for Editor in 0.00 ms.
Invoked RoslynAnalysisRunner static constructor.
RoslynAnalysisRunner will not be running.
RoslynAnalysisRunner has terminated.
Mono: successfully reloaded assembly
- Completed reload, in  0.961 seconds
Platform modules already initialized, skipping
Refreshing native plugins compatible for Editor in 0.41 ms, found 0 plugins.
Preloading 0 native plugins for Editor in 0.00 ms.
Unloading 1230 Unused Serialized files (Serialized files now loaded: 0)
System memory in use before: 86.3 MB.
System memory in use after: 86.0 MB.

Unloading 7 unused Assets to reduce memory usage. Loaded Objects now: 1834.
Total: 2.964200 ms (FindLiveObjects: 0.239900 ms CreateObjectMapping: 0.045200 ms MarkObjects: 2.062900 ms  DeleteObjects: 0.614200 ms)

========================================================================
Received Prepare
Registering precompiled user dll's ...
Registered in 0.001385 seconds.
Begin MonoManager ReloadAssembly
Native extension for WindowsStandalone target not found
Refreshing native plugins compatible for Editor in 0.93 ms, found 0 plugins.
Preloading 0 native plugins for Editor in 0.00 ms.
Invoked RoslynAnalysisRunner static constructor.
RoslynAnalysisRunner will not be running.
RoslynAnalysisRunner has terminated.
Mono: successfully reloaded assembly
- Completed reload, in  1.064 seconds
Platform modules already initialized, skipping
Refreshing native plugins compatible for Editor in 0.44 ms, found 0 plugins.
Preloading 0 native plugins for Editor in 0.00 ms.
Unloading 1230 Unused Serialized files (Serialized files now loaded: 0)
System memory in use before: 86.3 MB.
System memory in use after: 86.0 MB.

Unloading 7 unused Assets to reduce memory usage. Loaded Objects now: 1837.
Total: 3.390100 ms (FindLiveObjects: 0.227500 ms CreateObjectMapping: 0.037200 ms MarkObjects: 2.411400 ms  DeleteObjects: 0.711900 ms)

========================================================================
Received Import Request.
  Time since last request: 345.805930 seconds.
  path: Assets/Scenes/SampleScene.unity
  artifactKey: Guid(9fc0d4010bbf28b4594072e72b8655ab) Importer(815301076,1909f56bfc062723c751e8b465ee728b)
Start importing Assets/Scenes/SampleScene.unity using Guid(9fc0d4010bbf28b4594072e72b8655ab) Importer(815301076,1909f56bfc062723c751e8b465ee728b)  -> (artifact id: 'c01ce9a6273c6568351a4eec5eab5e62') in 0.021580 seconds
  Import took 0.025268 seconds .

========================================================================
Received Prepare
Registering precompiled user dll's ...
Registered in 0.001088 seconds.
Begin MonoManager ReloadAssembly
Native extension for WindowsStandalone target not found
Refreshing native plugins compatible for Editor in 0.61 ms, found 0 plugins.
Preloading 0 native plugins for Editor in 0.00 ms.
Invoked RoslynAnalysisRunner static constructor.
RoslynAnalysisRunner will not be running.
RoslynAnalysisRunner has terminated.
Mono: successfully reloaded assembly
- Completed reload, in  0.961 seconds
Platform modules already initialized, skipping
Refreshing native plugins compatible for Editor in 0.45 ms, found 0 plugins.
Preloading 0 native plugins for Editor in 0.00 ms.
Unloading 1230 Unused Serialized files (Serialized files now loaded: 0)
System memory in use before: 86.3 MB.
System memory in use after: 86.0 MB.

Unloading 7 unused Assets to reduce memory usage. Loaded Objects now: 1840.
Total: 3.052800 ms (FindLiveObjects: 0.220900 ms CreateObjectMapping: 0.037100 ms MarkObjects: 2.207600 ms  DeleteObjects: 0.585300 ms)

AssetImportWorkerClient::OnTransportError - code=2 error=End of file
